[23:21:23] [main/INFO] (FabricLoader) Loading for game Minecraft 1.17
[23:21:24] [main/INFO] (Fabric|Loader) [FabricLoader] Loading 55 mods:
	- barrenisles@fabric-1.17-1.0.6
	- cloth-basic-math@0.5.1
	- cloth-config2@5.0.34
	- fabric@0.36.0+1.17
	- fabric-api-base@0.3.0+a02b44633d
	- fabric-api-lookup-api-v1@1.2.0+2b5c62d03d
	- fabric-biome-api-v1@3.1.11+9e521e13a0
	- fabric-blockrenderlayer-v1@1.1.5+a02b44633d
	- fabric-command-api-v1@1.1.1+a02b44633d
	- fabric-commands-v0@0.2.2+92519afaa0
	- fabric-containers-v0@0.1.12+a02b44633d
	- fabric-content-registries-v0@0.2.2+a02b44633d
	- fabric-crash-report-info-v1@0.1.5+be9da3103d
	- fabric-dimensions-v1@2.0.10+a02b44633d
	- fabric-entity-events-v1@1.1.0+a02b44633d
	- fabric-events-interaction-v0@0.4.9+a722d8c03d
	- fabric-events-lifecycle-v0@0.2.1+92519afaa0
	- fabric-game-rule-api-v1@1.0.6+a02b44633d
	- fabric-item-api-v1@1.2.4+a02b44633d
	- fabric-item-groups-v0@0.2.10+b7ab61213d
	- fabric-key-binding-api-v1@1.0.4+a02b44633d
	- fabric-keybindings-v0@0.2.2+36b77c3ea0
	- fabric-lifecycle-events-v1@1.4.4+a02b44633d
	- fabric-loot-tables-v1@1.0.4+a02b44633d
	- fabric-mining-levels-v0@0.1.3+92519afaa0
	- fabric-models-v0@0.3.0+a02b44633d
	- fabric-networking-api-v1@1.0.11+b7ab61213d
	- fabric-networking-blockentity-v0@0.2.11+a02b44633d
	- fabric-networking-v0@0.3.2+92519afaa0
	- fabric-object-builder-api-v1@1.10.9+b7ab61213d
	- fabric-object-builders-v0@0.7.3+a02b44633d
	- fabric-particles-v1@0.2.4+a02b44633d
	- fabric-registry-sync-v0@0.7.10+e2961fee3d
	- fabric-renderer-api-v1@0.4.3+676f40fa3d
	- fabric-renderer-indigo@0.4.8+a02b44633d
	- fabric-renderer-registries-v1@3.2.0+a02b44633d
	- fabric-rendering-data-attachment-v1@0.1.5+a02b44633d
	- fabric-rendering-fluids-v1@0.1.13+a02b44633d
	- fabric-rendering-v0@1.1.2+92519afaa0
	- fabric-rendering-v1@1.6.0+a02b44633d
	- fabric-resource-loader-v0@0.4.7+b7ab61213d
	- fabric-screen-api-v1@1.0.4+198a96213d
	- fabric-screen-handler-api-v1@1.1.8+a02b44633d
	- fabric-structure-api-v1@1.1.11+e36969833d
	- fabric-tag-extensions-v0@1.1.4+a02b44633d
	- fabric-textures-v0@1.0.6+a02b44633d
	- fabric-tool-attribute-api-v1@1.2.12+b7ab61213d
	- fabricloader@0.11.6
	- geckolib3@3.0.8
	- jankson@3.0.1+j1.2.0
	- java@16
	- libgui@4.1.0+1.17
	- libninepatch@1.1.0
	- minecraft@1.17
	- modmenu@2.0.2
[23:21:24] [main/WARN] (Fabric|Loader) Mod `barrenisles` (fabric-1.17-1.0.6) does not respect SemVer - comparison support is limited.
[23:21:24] [main/INFO] (mixin) SpongePowered MIXIN Subsystem Version=0.8.2 Source=file:/Users/reyaan/.gradle/caches/modules-2/files-2.1/net.fabricmc/sponge-mixin/0.9.4+mixin.0.8.2/ef410951e94c7f4939cc74c86f8df371827818a4/sponge-mixin-0.9.4+mixin.0.8.2.jar Service=Knot/Fabric Env=CLIENT
[23:21:24] [main/INFO] (Fabric|MixinBootstrap) Loaded Fabric development mappings for mixin remapper!
[23:21:24] [main/INFO] (mixin) Compatibility level set to JAVA_16
[23:21:24] [main/WARN] (mixin) @Mixin target net/minecraft/server/world/ServerWorld$ServerEntityHandler is public in fabric-lifecycle-events-v1.mixins.json:ServerWorldEntityLoaderMixin and should be specified in value
[23:21:24] [main/WARN] (mixin) @Mixin target net/minecraft/client/world/ClientWorld$ClientEntityHandler is public in fabric-lifecycle-events-v1.mixins.json:client.ClientWorldEntityLoaderMixin and should be specified in value
[23:21:24] [main/WARN] (mixin) @Mixin target net/minecraft/client/render/block/BlockModelRenderer$AmbientOcclusionCalculator is public in fabric-renderer-indigo.mixins.json:MixinAmbientOcclusionCalculator and should be specified in value
[23:21:24] [main/WARN] (mixin) @Mixin target net/minecraft/client/render/chunk/ChunkBuilder$BuiltChunk$RebuildTask is public in fabric-renderer-indigo.mixins.json:MixinChunkRebuildTask and should be specified in value
[23:21:24] [main/WARN] (mixin) @Mixin target net/minecraft/server/network/ServerPlayNetworkHandler$1 is public in fabric-events-interaction-v0.mixins.json:MixinServerPlayNetworkHandler and should be specified in value
[23:21:24] [main/WARN] (mixin) @Mixin target net/minecraft/village/TradeOffers$TypeAwareBuyForOneEmeraldFactory is public in fabric-object-builder-v1.mixins.json:TypeAwareTradeMixin and should be specified in value
[23:21:25] [main/WARN] (mixin) @Mixin target net/minecraft/client/font/FontManager$1 is public in fabric-resource-loader-v0.mixins.json:client.FontManagerResourceReloadListenerMixin and should be specified in value
[23:21:25] [main/WARN] (mixin) @Mixin target net/minecraft/server/command/GameRuleCommand$1 is public in fabric-game-rule-api-v1.mixins.json:GameRuleCommandVisitorMixin and should be specified in value
[23:21:25] [main/WARN] (mixin) @Mixin target net/minecraft/client/gui/screen/world/EditGameRulesScreen$RuleListWidget$1 is public in fabric-game-rule-api-v1.mixins.json:client.RuleListWidgetVisitorMixin and should be specified in value
[23:21:25] [main/WARN] (mixin) @Mixin target net/minecraft/server/world/ThreadedAnvilChunkStorage$EntityTracker is public in fabric-networking-api-v1.mixins.json:accessor.EntityTrackerAccessor and should be specified in value
[23:21:25] [main/WARN] (mixin) @Mixin target net/minecraft/client/particle/ParticleManager$SimpleSpriteProvider is public in fabric-particles-v1.mixins.json:ParticleManagerAccessor$SimpleSpriteProviderAccessor and should be specified in value
[23:21:25] [main/WARN] (mixin) @Mixin target net/minecraft/data/server/AbstractTagProvider$ObjectBuilder is public in fabric-tag-extensions-v0.mixins.json:MixinObjectBuilder and should be specified in value
[23:21:25] [main/WARN] (mixin) @Mixin target net/minecraft/tag/RequiredTagList$TagWrapper is public in fabric-tag-extensions-v0.mixins.json:MixinTagImpl and should be specified in value
[23:21:25] [main/WARN] (mixin) @Mixin target net/minecraft/client/gui/widget/EntryListWidget$Entries is public in mixins.modmenu.json:MixinEntryListWidgetEntries and should be specified in value
[23:21:25] [main/WARN] (FileUtil) Configuration conflict: there is more than one oshi.properties file on the classpath
[23:21:26] [main/WARN] (FileUtil) Configuration conflict: there is more than one oshi.architecture.properties file on the classpath
[23:21:30] [Render thread/INFO] (Minecraft) Environment: authHost='https://authserver.mojang.com', accountsHost='https://api.mojang.com', sessionHost='https://sessionserver.mojang.com', servicesHost='https://api.minecraftservices.com', name='PROD'
[23:21:31] [Render thread/ERROR] (Minecraft) Failed to verify authentication
com.mojang.authlib.exceptions.InvalidCredentialsException: Status: 401
	at com.mojang.authlib.exceptions.MinecraftClientHttpException.toAuthenticationException(MinecraftClientHttpException.java:56) ~[authlib-2.3.31.jar:?]
	at com.mojang.authlib.yggdrasil.YggdrasilSocialInteractionsService.checkPrivileges(YggdrasilSocialInteractionsService.java:112) ~[authlib-2.3.31.jar:?]
	at com.mojang.authlib.yggdrasil.YggdrasilSocialInteractionsService.<init>(YggdrasilSocialInteractionsService.java:42) ~[authlib-2.3.31.jar:?]
	at com.mojang.authlib.yggdrasil.YggdrasilAuthenticationService.createSocialInteractionsService(YggdrasilAuthenticationService.java:151) ~[authlib-2.3.31.jar:?]
	at net.minecraft.client.MinecraftClient.createSocialInteractionsService(MinecraftClient.java:672) [minecraft-1.17-project-@-mapped-net.fabricmc.yarn-1.17+build.13-v2.jar:?]
	at net.minecraft.client.MinecraftClient.<init>(MinecraftClient.java:431) [minecraft-1.17-project-@-mapped-net.fabricmc.yarn-1.17+build.13-v2.jar:?]
	at net.minecraft.client.main.Main.main(Main.java:179) [minecraft-1.17-project-@-mapped-net.fabricmc.yarn-1.17+build.13-v2.jar:?]
	at jdk.internal.reflect.NativeMethodAccessorImpl.invoke0(Native Method) ~[?:?]
	at jdk.internal.reflect.NativeMethodAccessorImpl.invoke(NativeMethodAccessorImpl.java:78) ~[?:?]
	at jdk.internal.reflect.DelegatingMethodAccessorImpl.invoke(DelegatingMethodAccessorImpl.java:43) ~[?:?]
	at java.lang.reflect.Method.invoke(Method.java:567) ~[?:?]
	at net.fabricmc.loader.game.MinecraftGameProvider.launch(MinecraftGameProvider.java:234) [fabric-loader-0.11.6.jar:?]
	at net.fabricmc.loader.launch.knot.Knot.launch(Knot.java:153) [fabric-loader-0.11.6.jar:?]
	at net.fabricmc.loader.launch.knot.KnotClient.main(KnotClient.java:28) [fabric-loader-0.11.6.jar:?]
	at net.fabricmc.devlaunchinjector.Main.main(Main.java:86) [dev-launch-injector-0.2.1+build.8.jar:?]
Caused by: com.mojang.authlib.exceptions.MinecraftClientHttpException: Status: 401
	at com.mojang.authlib.minecraft.client.MinecraftClient.readInputStream(MinecraftClient.java:77) ~[authlib-2.3.31.jar:?]
	at com.mojang.authlib.minecraft.client.MinecraftClient.get(MinecraftClient.java:47) ~[authlib-2.3.31.jar:?]
	at com.mojang.authlib.yggdrasil.YggdrasilSocialInteractionsService.checkPrivileges(YggdrasilSocialInteractionsService.java:104) ~[authlib-2.3.31.jar:?]
	... 13 more
[23:21:31] [Render thread/INFO] (Minecraft) Setting user: Player997
[23:21:31] [Render thread/INFO] (BarrenIsles) Barren Isles has been loaded!
[23:21:31] [Render thread/WARN] (mixin) @Inject(@At("INVOKE")) Shift.BY=3 on fabric-lifecycle-events-v1.mixins.json:client.WorldChunkMixin::handler$zba000$onLoadBlockEntity exceeds the maximum allowed value: 0. Increase the value of maxShiftBy to suppress this warning.
[23:21:31] [Render thread/ERROR] (Minecraft) No data fixer registered for geoexampleentity
[23:21:31] [Render thread/ERROR] (Minecraft) No data fixer registered for bikeentity
[23:21:31] [Render thread/ERROR] (Minecraft) No data fixer registered for rocketprojectile
[23:21:32] [Render thread/WARN] (Mod Menu) WARNING! Mod jankson is only using deprecated 'modmenu:api' custom value! This will be removed in 1.18 snapshots, so ask the author of this mod to support the new API.
[23:21:32] [Render thread/WARN] (Mod Menu) WARNING! Mod cloth-basic-math is only using deprecated 'modmenu:api' custom value! This will be removed in 1.18 snapshots, so ask the author of this mod to support the new API.
[23:21:32] [Render thread/INFO] (Indigo) [Indigo] Registering Indigo renderer!
[23:21:32] [Render thread/INFO] (Minecraft) Backend library: LWJGL version 3.2.1 build 12
[23:21:34] [Render thread/INFO] (Minecraft) Reloading ResourceManager: Default, Fabric Mods (Fabric Renderer API (v1), Fabric Key Bindings (v0), Fabric Loader, Fabric Structure API (v1), Fabric Containers (v0), Fabric Object Builder API (v1), Fabric Dimensions API (v1), Fabric Game Rule API (v1), Fabric API Base, Fabric Rendering Data Attachment (v1), Fabric Textures (v0), Fabric Rendering Fluids (v1), Barren Isles, Fabric BlockRenderLayer Registration (v1), Fabric Lifecycle Events (v1), Fabric Renderer Registries (v1), Fabric Loot Tables (v1), Fabric API, Fabric Particles (v1), Fabric Networking (v0), Fabric API Lookup API (v1), Fabric Networking Block Entity (v0), Fabric Screen Handler API (v1), Mod Menu, Jankson, Fabric Command API (v1), Fabric Screen API (v1), Fabric Tool Attribute API (v1), Fabric Renderer - Indigo, Fabric Crash Report Info (v1), Fabric Item API (v1), Fabric Events Interaction (v0), LibGui, Fabric Entity Events (v1), Fabric Rendering (v0), Fabric Rendering (v1), Fabric Key Binding API (v1), Cloth Config v4, Fabric Resource Loader (v0), Fabric Content Registries (v0), Fabric Tag Extensions (v0), Fabric Biome API (v1), Fabric Registry Sync (v0), Fabric Commands (v0), Fabric Mining Levels (v0), Fabric Networking API (v1), Fabric Events Lifecycle (v0), Fabric Models (v0), Fabric Item Groups (v0), Geckolib, Fabric Object Builders (v0))
[23:21:35] [Realms Notification Availability checker #1/INFO] (Minecraft) Could not authorize you against Realms server: Invalid session id
[23:21:39] [Worker-Main-14/WARN] (Minecraft) Unable to load model: 'geckolib3:botariumblock#inventory' referenced from: geckolib3:botariumblock#inventory: java.io.FileNotFoundException: geckolib3:models/item/botariumblock.json
[23:21:39] [Worker-Main-14/WARN] (Minecraft) Unable to load model: 'geckolib3:fertilizerblock#inventory' referenced from: geckolib3:fertilizerblock#inventory: java.io.FileNotFoundException: geckolib3:models/item/fertilizerblock.json
[23:21:41] [Render thread/INFO] (Minecraft) OpenAL initialized.
[23:21:41] [Render thread/INFO] (Minecraft) Sound engine started
[23:21:41] [Render thread/INFO] (Minecraft) Created: 1024x1024x4 minecraft:textures/atlas/blocks.png-atlas
[23:21:41] [Render thread/INFO] (Minecraft) Created: 256x128x4 minecraft:textures/atlas/signs.png-atlas
[23:21:41] [Render thread/INFO] (Minecraft) Created: 1024x512x4 minecraft:textures/atlas/banner_patterns.png-atlas
[23:21:41] [Render thread/INFO] (Minecraft) Created: 1024x512x4 minecraft:textures/atlas/shield_patterns.png-atlas
[23:21:41] [Render thread/INFO] (Minecraft) Created: 256x256x4 minecraft:textures/atlas/chest.png-atlas
[23:21:41] [Render thread/INFO] (Minecraft) Created: 512x256x4 minecraft:textures/atlas/beds.png-atlas
[23:21:41] [Render thread/INFO] (Minecraft) Created: 512x256x4 minecraft:textures/atlas/shulker_boxes.png-atlas
[23:21:42] [Render thread/INFO] (Minecraft) Created: 256x256x0 minecraft:textures/atlas/particles.png-atlas
[23:21:42] [Render thread/INFO] (Minecraft) Created: 256x256x0 minecraft:textures/atlas/paintings.png-atlas
[23:21:42] [Render thread/INFO] (Minecraft) Created: 256x128x0 minecraft:textures/atlas/mob_effects.png-atlas
[23:22:37] [Render thread/INFO] (BiomeModificationImpl) Applied 174 biome modifications to 81 of 81 new biomes in 8.166 ms
[23:22:41] [Render thread/WARN] (Minecraft) Ambiguity between arguments [teleport, location] and [teleport, destination] with inputs: [0.1 -0.5 .9, 0 0 0]
[23:22:41] [Render thread/WARN] (Minecraft) Ambiguity between arguments [teleport, location] and [teleport, targets] with inputs: [0.1 -0.5 .9, 0 0 0]
[23:22:41] [Render thread/WARN] (Minecraft) Ambiguity between arguments [teleport, destination] and [teleport, targets] with inputs: [Player, 0123, @e, dd12be42-52a9-4a91-a8a1-11c01849e498]
[23:22:41] [Render thread/WARN] (Minecraft) Ambiguity between arguments [teleport, targets] and [teleport, destination] with inputs: [Player, 0123, dd12be42-52a9-4a91-a8a1-11c01849e498]
[23:22:41] [Render thread/WARN] (Minecraft) Ambiguity between arguments [teleport, targets, location] and [teleport, targets, destination] with inputs: [0.1 -0.5 .9, 0 0 0]
[23:22:41] [Render thread/INFO] (Minecraft) Reloading ResourceManager: Default, Fabric Mods (Barren Isles, Fabric Tool Attribute API (v1))
[23:22:41] [Worker-Main-9/ERROR] (Minecraft) Couldn't parse data file barrenisles:blocks/palm_leaves from barrenisles:loot_tables/blocks/palm_leaves.json
com.google.gson.JsonParseException: com.google.gson.stream.MalformedJsonException: Expected name at line 43 column 14 path $.pools[0].entries[0].children[0].name
	at net.minecraft.util.JsonHelper.deserialize(JsonHelper.java:495) ~[minecraft-1.17-project-@-mapped-net.fabricmc.yarn-1.17+build.13-v2.jar:?]
	at net.minecraft.util.JsonHelper.deserialize(JsonHelper.java:532) ~[minecraft-1.17-project-@-mapped-net.fabricmc.yarn-1.17+build.13-v2.jar:?]
	at net.minecraft.resource.JsonDataLoader.prepare(JsonDataLoader.java:47) ~[minecraft-1.17-project-@-mapped-net.fabricmc.yarn-1.17+build.13-v2.jar:?]
	at net.minecraft.resource.JsonDataLoader.prepare(JsonDataLoader.java:21) ~[minecraft-1.17-project-@-mapped-net.fabricmc.yarn-1.17+build.13-v2.jar:?]
	at net.minecraft.resource.SinglePreparationResourceReloader.method_18791(SinglePreparationResourceReloader.java:11) ~[minecraft-1.17-project-@-mapped-net.fabricmc.yarn-1.17+build.13-v2.jar:?]
	at java.util.concurrent.CompletableFuture$AsyncSupply.run(CompletableFuture.java:1764) [?:?]
	at java.util.concurrent.CompletableFuture$AsyncSupply.exec(CompletableFuture.java:1756) [?:?]
	at java.util.concurrent.ForkJoinTask.doExec(ForkJoinTask.java:295) [?:?]
	at java.util.concurrent.ForkJoinPool$WorkQueue.topLevelExec(ForkJoinPool.java:1016) [?:?]
	at java.util.concurrent.ForkJoinPool.scan(ForkJoinPool.java:1665) [?:?]
	at java.util.concurrent.ForkJoinPool.runWorker(ForkJoinPool.java:1598) [?:?]
	at java.util.concurrent.ForkJoinWorkerThread.run(ForkJoinWorkerThread.java:183) [?:?]
Caused by: com.google.gson.stream.MalformedJsonException: Expected name at line 43 column 14 path $.pools[0].entries[0].children[0].name
	at com.google.gson.stream.JsonReader.syntaxError(JsonReader.java:1559) ~[gson-2.8.0.jar:?]
	at com.google.gson.stream.JsonReader.doPeek(JsonReader.java:505) ~[gson-2.8.0.jar:?]
	at com.google.gson.stream.JsonReader.hasNext(JsonReader.java:414) ~[gson-2.8.0.jar:?]
	at com.google.gson.internal.bind.TypeAdapters$29.read(TypeAdapters.java:738) ~[gson-2.8.0.jar:?]
	at com.google.gson.internal.bind.TypeAdapters$29.read(TypeAdapters.java:731) ~[gson-2.8.0.jar:?]
	at com.google.gson.internal.bind.TypeAdapters$29.read(TypeAdapters.java:739) ~[gson-2.8.0.jar:?]
	at com.google.gson.internal.bind.TypeAdapters$29.read(TypeAdapters.java:731) ~[gson-2.8.0.jar:?]
	at com.google.gson.internal.bind.TypeAdapters$29.read(TypeAdapters.java:739) ~[gson-2.8.0.jar:?]
	at com.google.gson.internal.bind.TypeAdapters$29.read(TypeAdapters.java:731) ~[gson-2.8.0.jar:?]
	at com.google.gson.internal.bind.TypeAdapters$29.read(TypeAdapters.java:739) ~[gson-2.8.0.jar:?]
	at com.google.gson.internal.bind.TypeAdapters$29.read(TypeAdapters.java:714) ~[gson-2.8.0.jar:?]
	at com.google.gson.internal.bind.TypeAdapters$35$1.read(TypeAdapters.java:910) ~[gson-2.8.0.jar:?]
	at net.minecraft.util.JsonHelper.deserialize(JsonHelper.java:493) ~[minecraft-1.17-project-@-mapped-net.fabricmc.yarn-1.17+build.13-v2.jar:?]
	... 11 more
[23:22:42] [Render thread/INFO] (Minecraft) Loaded 7 recipes
[23:22:42] [Render thread/WARN] (Minecraft) Found validation problem in {barrenisles:chests/badlands_temple_main_hall}.pools[0].entries[2].functions[0]: Parameters [<parameter minecraft:tool>] are not provided in this context
[23:22:42] [Render thread/WARN] (Minecraft) Found validation problem in {barrenisles:chests/badlands_temple_main_hall}.pools[0].entries[2].functions[1]: Parameters [<parameter minecraft:tool>] are not provided in this context
[23:22:42] [Render thread/WARN] (Minecraft) Found validation problem in {barrenisles:chests/badlands_temple_main_hall}.pools[0].entries[5].functions[1]: Parameters [<parameter minecraft:tool>] are not provided in this context
[23:22:42] [Render thread/WARN] (Minecraft) Found validation problem in {barrenisles:chests/badlands_temple_main_hall}.pools[0].entries[5].functions[0]: Parameters [<parameter minecraft:tool>] are not provided in this context
[23:22:42] [Render thread/WARN] (Minecraft) Found validation problem in {barrenisles:chests/badlands_temple_main_hall}.pools[0].entries[4].functions[1]: Parameters [<parameter minecraft:tool>] are not provided in this context
[23:22:42] [Render thread/WARN] (Minecraft) Found validation problem in {barrenisles:chests/badlands_temple_main_hall}.pools[0].entries[3].functions[0]: Parameters [<parameter minecraft:tool>] are not provided in this context
[23:22:42] [Render thread/WARN] (Minecraft) Found validation problem in {barrenisles:chests/badlands_temple_main_hall}.pools[0].entries[3].functions[1]: Parameters [<parameter minecraft:tool>] are not provided in this context
[23:22:42] [Render thread/WARN] (Minecraft) Found validation problem in {barrenisles:chests/badlands_temple_main_hall}.pools[0].entries[4].functions[0]: Parameters [<parameter minecraft:tool>] are not provided in this context
[23:22:42] [Render thread/INFO] (Minecraft) Loaded 1137 advancements
[23:22:42] [Render thread/INFO] (Minecraft) Environment: authHost='https://authserver.mojang.com', accountsHost='https://api.mojang.com', sessionHost='https://sessionserver.mojang.com', servicesHost='https://api.minecraftservices.com', name='PROD'
[23:22:42] [Server thread/INFO] (Minecraft) Starting integrated minecraft server version 1.17
[23:22:42] [Server thread/INFO] (Minecraft) Generating keypair
[23:22:46] [Server thread/INFO] (Minecraft) Preparing start region for dimension minecraft:overworld
[23:22:47] [Render thread/INFO] (Minecraft) Preparing spawn area: 0%
[23:22:47] [Render thread/INFO] (Minecraft) Preparing spawn area: 0%
[23:22:47] [Render thread/INFO] (Minecraft) Preparing spawn area: 2%
[23:22:48] [Render thread/INFO] (Minecraft) Preparing spawn area: 6%
[23:22:48] [Render thread/INFO] (Minecraft) Preparing spawn area: 10%
[23:22:49] [Render thread/INFO] (Minecraft) Preparing spawn area: 15%
[23:22:49] [Render thread/INFO] (Minecraft) Preparing spawn area: 20%
[23:22:50] [Render thread/INFO] (Minecraft) Preparing spawn area: 24%
[23:22:50] [Render thread/INFO] (Minecraft) Preparing spawn area: 27%
[23:22:51] [Render thread/INFO] (Minecraft) Preparing spawn area: 27%
[23:22:51] [Render thread/INFO] (Minecraft) Preparing spawn area: 36%
[23:22:52] [Render thread/INFO] (Minecraft) Preparing spawn area: 42%
[23:22:52] [Render thread/INFO] (Minecraft) Preparing spawn area: 43%
[23:22:53] [Render thread/INFO] (Minecraft) Preparing spawn area: 54%
[23:22:53] [Render thread/INFO] (Minecraft) Preparing spawn area: 61%
[23:22:54] [Render thread/INFO] (Minecraft) Preparing spawn area: 68%
[23:22:54] [Render thread/INFO] (Minecraft) Preparing spawn area: 74%
[23:22:55] [Render thread/INFO] (Minecraft) Preparing spawn area: 82%
[23:22:55] [Render thread/INFO] (Minecraft) Preparing spawn area: 89%
[23:22:56] [Render thread/INFO] (Minecraft) Preparing spawn area: 97%
[23:22:56] [Render thread/INFO] (Minecraft) Time elapsed: 9653 ms
[23:22:56] [Server thread/INFO] (Minecraft) Changing view distance to 11, from 10
[23:22:57] [Server thread/INFO] (Minecraft) Player997[local:E:5a960838] logged in with entity id 342 at (185.5, 70.0, -203.5)
[23:22:57] [Server thread/INFO] (Minecraft) Player997 joined the game
[23:22:57] [Netty Local Client IO #0/INFO] (BiomeModificationImpl) Applied 174 biome modifications to 81 of 81 new biomes in 5.797 ms
[23:22:57] [Server thread/INFO] (Minecraft) Saving and pausing game...
[23:22:57] [Server thread/INFO] (Minecraft) Saving chunks for level 'ServerLevel[New World]'/minecraft:overworld
[23:22:57] [Render thread/INFO] (Minecraft) Loaded 0 advancements
[23:22:58] [Server thread/INFO] (Minecraft) Saving chunks for level 'ServerLevel[New World]'/minecraft:the_nether
[23:22:58] [Server thread/INFO] (Minecraft) Saving chunks for level 'ServerLevel[New World]'/minecraft:the_end
[23:25:13] [Server thread/INFO] (Minecraft) Saving and pausing game...
[23:25:13] [Server thread/INFO] (Minecraft) Saving chunks for level 'ServerLevel[New World]'/minecraft:overworld
[23:25:14] [Server thread/INFO] (Minecraft) Saving chunks for level 'ServerLevel[New World]'/minecraft:the_nether
[23:25:14] [Server thread/INFO] (Minecraft) Saving chunks for level 'ServerLevel[New World]'/minecraft:the_end
[23:25:27] [Server thread/INFO] (Minecraft) Saving and pausing game...
[23:25:27] [Server thread/INFO] (Minecraft) Saving chunks for level 'ServerLevel[New World]'/minecraft:overworld
[23:25:27] [Server thread/INFO] (Minecraft) Saving chunks for level 'ServerLevel[New World]'/minecraft:the_nether
[23:25:27] [Server thread/INFO] (Minecraft) Saving chunks for level 'ServerLevel[New World]'/minecraft:the_end
[23:25:35] [Server thread/INFO] (Minecraft) Saving and pausing game...
[23:25:35] [Server thread/INFO] (Minecraft) Saving chunks for level 'ServerLevel[New World]'/minecraft:overworld
[23:25:35] [Server thread/INFO] (Minecraft) Saving chunks for level 'ServerLevel[New World]'/minecraft:the_nether
[23:25:35] [Server thread/INFO] (Minecraft) Saving chunks for level 'ServerLevel[New World]'/minecraft:the_end
[23:25:40] [Server thread/WARN] (Minecraft) Duneraptor (vehicle of Player997) moved wrongly! 0.43007432597532613
[23:25:42] [Server thread/INFO] (Minecraft) Saving and pausing game...
[23:25:42] [Server thread/INFO] (Minecraft) Saving chunks for level 'ServerLevel[New World]'/minecraft:overworld
[23:25:42] [Server thread/INFO] (Minecraft) Saving chunks for level 'ServerLevel[New World]'/minecraft:the_nether
[23:25:42] [Server thread/INFO] (Minecraft) Saving chunks for level 'ServerLevel[New World]'/minecraft:the_end
[23:25:55] [Server thread/WARN] (Minecraft) Duneraptor (vehicle of Player997) moved wrongly! 0.34069728943455857
[23:25:57] [Server thread/WARN] (Minecraft) Duneraptor (vehicle of Player997) moved wrongly! 0.3424134148515634
[23:26:00] [Server thread/WARN] (Minecraft) Duneraptor (vehicle of Player997) moved wrongly! 0.2563401705287873
[23:26:08] [Server thread/WARN] (Minecraft) Duneraptor (vehicle of Player997) moved wrongly! 0.3933747879711831
[23:26:16] [Server thread/WARN] (Minecraft) Duneraptor (vehicle of Player997) moved wrongly! 0.40057327367647133
[23:26:20] [Server thread/WARN] (Minecraft) Duneraptor (vehicle of Player997) moved wrongly! 0.37639066388675246
[23:26:52] [Server thread/INFO] (Minecraft) [Player997: Set the time to 13000]
[23:26:52] [Render thread/INFO] (Minecraft) [CHAT] Set the time to 13000
[23:26:55] [Server thread/INFO] (Minecraft) [Player997: Set the time to 18000]
[23:26:55] [Render thread/INFO] (Minecraft) [CHAT] Set the time to 18000
[23:27:02] [Server thread/INFO] (Minecraft) [Player997: Set own game mode to Spectator Mode]
[23:27:02] [Render thread/INFO] (Minecraft) [CHAT] Set own game mode to Spectator Mode
[23:27:41] [Server thread/INFO] (Minecraft) Saving and pausing game...
[23:27:41] [Server thread/INFO] (Minecraft) Saving chunks for level 'ServerLevel[New World]'/minecraft:overworld
[23:27:42] [Server thread/INFO] (Minecraft) Saving chunks for level 'ServerLevel[New World]'/minecraft:the_nether
[23:27:42] [Server thread/INFO] (Minecraft) Saving chunks for level 'ServerLevel[New World]'/minecraft:the_end
[23:27:59] [Server thread/INFO] (Minecraft) [Player997: Set own game mode to Creative Mode]
[23:27:59] [Render thread/INFO] (Minecraft) [CHAT] Set own game mode to Creative Mode
[23:28:03] [Server thread/INFO] (Minecraft) Saving and pausing game...
[23:28:03] [Server thread/INFO] (Minecraft) Saving chunks for level 'ServerLevel[New World]'/minecraft:overworld
[23:28:03] [Server thread/INFO] (Minecraft) Saving chunks for level 'ServerLevel[New World]'/minecraft:the_nether
[23:28:03] [Server thread/INFO] (Minecraft) Saving chunks for level 'ServerLevel[New World]'/minecraft:the_end
[23:34:26] [Server thread/INFO] (Minecraft) [Player997: Summoned new Duneraptor]
[23:34:26] [Render thread/INFO] (Minecraft) [CHAT] Summoned new Duneraptor
[23:34:32] [Render thread/INFO] (Minecraft) [CHAT] Saved screenshot as 2021-09-17_23.34.31.png
[23:35:01] [Server thread/INFO] (Minecraft) [Player997: Killed 273 entities]
[23:35:01] [Render thread/INFO] (Minecraft) [CHAT] Killed 273 entities
[23:35:03] [Server thread/INFO] (Minecraft) [Player997: Killed 388 entities]
[23:35:03] [Render thread/INFO] (Minecraft) [CHAT] Killed 388 entities
[23:35:04] [Server thread/INFO] (Minecraft) [Player997: Killed 74 entities]
[23:35:04] [Render thread/INFO] (Minecraft) [CHAT] Killed 74 entities
[23:35:04] [Server thread/INFO] (Minecraft) [Player997: Killed 52 entities]
[23:35:04] [Render thread/INFO] (Minecraft) [CHAT] Killed 52 entities
[23:35:05] [Server thread/INFO] (Minecraft) [Player997: Killed 68 entities]
[23:35:05] [Render thread/INFO] (Minecraft) [CHAT] Killed 68 entities
[23:35:05] [Server thread/INFO] (Minecraft) [Player997: Killed 62 entities]
[23:35:05] [Render thread/INFO] (Minecraft) [CHAT] Killed 62 entities
[23:35:06] [Server thread/INFO] (Minecraft) [Player997: Killed 40 entities]
[23:35:06] [Render thread/INFO] (Minecraft) [CHAT] Killed 40 entities
[23:35:06] [Server thread/INFO] (Minecraft) [Player997: Killed 63 entities]
[23:35:06] [Render thread/INFO] (Minecraft) [CHAT] Killed 63 entities
[23:35:11] [Server thread/INFO] (Minecraft) [Player997: Gamerule doMobSpawning is now set to: false]
[23:35:11] [Render thread/INFO] (Minecraft) [CHAT] Gamerule doMobSpawning is now set to: false
[23:35:13] [Server thread/INFO] (Minecraft) [Player997: Killed 137 entities]
[23:35:13] [Render thread/INFO] (Minecraft) [CHAT] Killed 137 entities
[23:35:13] [Server thread/INFO] (Minecraft) [Player997: Killed 61 entities]
[23:35:13] [Render thread/INFO] (Minecraft) [CHAT] Killed 61 entities
[23:35:14] [Render thread/INFO] (Minecraft) [CHAT] No entity was found
[23:35:15] [Render thread/INFO] (Minecraft) [CHAT] No entity was found
[23:35:15] [Render thread/INFO] (Minecraft) [CHAT] No entity was found
[23:35:16] [Render thread/INFO] (Minecraft) [CHAT] No entity was found
[23:35:16] [Render thread/INFO] (Minecraft) [CHAT] No entity was found
[23:35:16] [Render thread/INFO] (Minecraft) [CHAT] No entity was found
[23:35:17] [Render thread/INFO] (Minecraft) [CHAT] No entity was found
[23:35:17] [Render thread/INFO] (Minecraft) [CHAT] No entity was found
[23:35:56] [Server thread/INFO] (Minecraft) Saving and pausing game...
[23:35:56] [Server thread/INFO] (Minecraft) Saving chunks for level 'ServerLevel[New World]'/minecraft:overworld
[23:35:56] [Server thread/INFO] (Minecraft) Saving chunks for level 'ServerLevel[New World]'/minecraft:the_nether
[23:35:56] [Server thread/INFO] (Minecraft) Saving chunks for level 'ServerLevel[New World]'/minecraft:the_end
[23:36:42] [Render thread/INFO] (Minecraft) Loaded 18 advancements
[23:37:03] [Server thread/INFO] (Minecraft) [Player997: Summoned new Duneraptor]
[23:37:03] [Render thread/INFO] (Minecraft) [CHAT] Summoned new Duneraptor
[23:37:20] [Server thread/WARN] (Minecraft) Duneraptor (vehicle of Player997) moved wrongly! 0.25636382235330757
[23:37:52] [Server thread/INFO] (Minecraft) [Player997: Set the time to 18000]
[23:37:52] [Render thread/INFO] (Minecraft) [CHAT] Set the time to 18000
[23:38:15] [Server thread/INFO] (Minecraft) Saving and pausing game...
[23:38:15] [Server thread/INFO] (Minecraft) Saving chunks for level 'ServerLevel[New World]'/minecraft:overworld
[23:38:15] [Server thread/INFO] (Minecraft) Saving chunks for level 'ServerLevel[New World]'/minecraft:the_nether
[23:38:15] [Server thread/INFO] (Minecraft) Saving chunks for level 'ServerLevel[New World]'/minecraft:the_end
[23:39:32] [Server thread/INFO] (Minecraft) Saving and pausing game...
[23:39:32] [Server thread/INFO] (Minecraft) Saving chunks for level 'ServerLevel[New World]'/minecraft:overworld
[23:39:32] [Server thread/INFO] (Minecraft) Saving chunks for level 'ServerLevel[New World]'/minecraft:the_nether
[23:39:32] [Server thread/INFO] (Minecraft) Saving chunks for level 'ServerLevel[New World]'/minecraft:the_end
[23:39:57] [Server thread/INFO] (Minecraft) Saving and pausing game...
[23:39:57] [Server thread/INFO] (Minecraft) Saving chunks for level 'ServerLevel[New World]'/minecraft:overworld
[23:39:57] [Server thread/INFO] (Minecraft) Saving chunks for level 'ServerLevel[New World]'/minecraft:the_nether
[23:39:57] [Server thread/INFO] (Minecraft) Saving chunks for level 'ServerLevel[New World]'/minecraft:the_end
[23:39:59] [Render thread/INFO] (Minecraft) Stopping!
[23:39:59] [Server thread/INFO] (Minecraft) Player997 lost connection: Disconnected
[23:39:59] [Server thread/INFO] (Minecraft) Player997 left the game
[23:39:59] [Server thread/INFO] (Minecraft) Stopping singleplayer server as player logged out
[23:39:59] [Server thread/INFO] (Minecraft) Stopping server
[23:39:59] [Server thread/INFO] (Minecraft) Saving players
[23:39:59] [Server thread/INFO] (Minecraft) Saving worlds
[23:39:59] [Server thread/INFO] (Minecraft) Saving chunks for level 'ServerLevel[New World]'/minecraft:overworld
[23:39:59] [Server thread/INFO] (Minecraft) ThreadedAnvilChunkStorage (New World (1)): All chunks are saved
[23:39:59] [Server thread/INFO] (Minecraft) Saving chunks for level 'ServerLevel[New World]'/minecraft:the_nether
[23:39:59] [Server thread/INFO] (Minecraft) ThreadedAnvilChunkStorage (DIM-1): All chunks are saved
[23:39:59] [Server thread/INFO] (Minecraft) Saving chunks for level 'ServerLevel[New World]'/minecraft:the_end
[23:39:59] [Server thread/INFO] (Minecraft) ThreadedAnvilChunkStorage (DIM1): All chunks are saved
[23:39:59] [Server thread/INFO] (Minecraft) ThreadedAnvilChunkStorage (New World (1)): All chunks are saved
[23:39:59] [Server thread/INFO] (Minecraft) ThreadedAnvilChunkStorage (DIM-1): All chunks are saved
[23:39:59] [Server thread/INFO] (Minecraft) ThreadedAnvilChunkStorage (DIM1): All chunks are saved
